sample.interval=20000
"strsplit" "summaryRprof" 
"unique.default" "FUN" "lapply" "summaryRprof" 
"strsplit" "summaryRprof" 
"unique.default" "FUN" "lapply" "summaryRprof" 
"value[[3]]" "tryCatchOne" "tryCatchList" "tryCatch" "base::try" 
"mcfork" "FUN" "lapply" "mclapply" 
"mcfork" "FUN" "lapply" "mclapply" 
"mcfork" "FUN" "lapply" "mclapply" 
"mcfork" "FUN" "lapply" "mclapply" 
"mcfork" "FUN" "lapply" "mclapply" 
"mcfork" "FUN" "lapply" "mclapply" 
"mcfork" "FUN" "lapply" "mclapply" 
"mcfork" "FUN" "lapply" "mclapply" 
"lazyLoadDBfetch" "mclapply" 
"readChild" "mclapply" 
"is.scalarOrVector" "doTryCatch" "tryCatchOne" "tryCatchList" "tryCatch" ".rs.valueAsString" "<Anonymous>" 
"ls" "FUN" "lapply" ".rs.objectsOnSearchPath" ".rs.getCompletionsSearchPath" "Reduce" "<Anonymous>" 
"FUN" "lapply" "Reduce" ".rs.getCompletionsPackages" "Reduce" "<Anonymous>" 
"tolower" "nchar" ".rs.startsWith" ".rs.fuzzyMatches" ".rs.selectFuzzyMatches" ".rs.getCompletionsPackages" "Reduce" "<Anonymous>" 
"ls" "FUN" "lapply" ".rs.objectsOnSearchPath" ".rs.getCompletionsSearchPath" "Reduce" "<Anonymous>" 
"FUN" "lapply" "Reduce" ".rs.getCompletionsPackages" "Reduce" "<Anonymous>" 
"nchar" ".rs.startsWith" ".rs.fuzzyMatches" ".rs.selectFuzzyMatches" ".rs.getCompletionsPackages" "Reduce" "<Anonymous>" 
"lazyLoadDBfetch" "mget" "doTryCatch" "tryCatchOne" "tryCatchList" "tryCatch" ".rs.getHelpFromObject" ".rs.getHelpFunction" "<Anonymous>" 
"lazyLoadDBfetch" "mget" "doTryCatch" "tryCatchOne" "tryCatchList" "tryCatch" ".rs.getHelpFromObject" ".rs.getHelpFunction" "<Anonymous>" 
"lazyLoadDBfetch" "get" "doTryCatch" "tryCatchOne" "tryCatchList" "tryCatch" "FUN" "lapply" ".rs.getHelpFromObject" ".rs.getHelpFunction" "<Anonymous>" 
".rs.getHelpFromObject" ".rs.getHelpFunction" "<Anonymous>" 
"do.call" "doTryCatch" "tryCatchOne" "tryCatchList" "tryCatch" ".rs.getHelpFromObject" ".rs.getHelpFunction" "<Anonymous>" 
"readRDS" "tools:::httpd" ".rs.getHelp" ".rs.getHelpFromObject" ".rs.getHelpFunction" "<Anonymous>" 
"grep" "ls" "FUN" "lapply" ".rs.objectsOnSearchPath" ".rs.getCompletionsSearchPath" "Reduce" "<Anonymous>" 
"FUN" "lapply" "Reduce" ".rs.getCompletionsPackages" "Reduce" "<Anonymous>" 
"FUN" "lapply" "Reduce" ".rs.getCompletionsPackages" "Reduce" "<Anonymous>" 
"ls" "FUN" "lapply" ".rs.objectsOnSearchPath" ".rs.getCompletionsSearchPath" "Reduce" "<Anonymous>" 
"FUN" "lapply" "Reduce" ".rs.getCompletionsPackages" "Reduce" "<Anonymous>" 
"FUN" "lapply" "Reduce" ".rs.getCompletionsPackages" "Reduce" "<Anonymous>" 
"ls" "FUN" "lapply" ".rs.objectsOnSearchPath" ".rs.getCompletionsSearchPath" "Reduce" "<Anonymous>" 
"FUN" "lapply" "Reduce" ".rs.getCompletionsPackages" "Reduce" "<Anonymous>" 
"tolower" "nchar" ".rs.startsWith" ".rs.fuzzyMatches" ".rs.selectFuzzyMatches" ".rs.getCompletionsPackages" "Reduce" "<Anonymous>" 
"ls" "FUN" "lapply" ".rs.objectsOnSearchPath" ".rs.getCompletionsSearchPath" "Reduce" "<Anonymous>" 
"FUN" "lapply" "Reduce" ".rs.getCompletionsPackages" "Reduce" "<Anonymous>" 
"FUN" "lapply" "Reduce" ".rs.getCompletionsPackages" "Reduce" "<Anonymous>" 
".rs.objectsOnSearchPath" ".rs.getCompletionsSearchPath" "Reduce" "<Anonymous>" 
"ls" "FUN" "lapply" ".rs.objectsOnSearchPath" ".rs.getCompletionsSearchPath" "Reduce" "<Anonymous>" 
"FUN" "lapply" "Reduce" ".rs.getCompletionsPackages" "Reduce" "<Anonymous>" 
"FUN" "lapply" "Reduce" ".rs.getCompletionsPackages" "Reduce" "<Anonymous>" 
"FUN" "lapply" "Reduce" ".rs.getCompletionsPackages" "Reduce" "<Anonymous>" 
"FUN" "lapply" "Reduce" ".rs.getCompletionsPackages" "Reduce" "<Anonymous>" 
"FUN" "lapply" "Reduce" ".rs.getCompletionsPackages" "Reduce" "<Anonymous>" 
"FUN" "lapply" "Reduce" ".rs.getCompletionsPackages" "Reduce" "<Anonymous>" 
"nchar" ".rs.startsWith" ".rs.fuzzyMatches" ".rs.selectFuzzyMatches" ".rs.getCompletionsPackages" "Reduce" "<Anonymous>" 
"FUN" "lapply" "Reduce" ".rs.getCompletionsPackages" "Reduce" "<Anonymous>" 
"FUN" "lapply" "Reduce" ".rs.getCompletionsPackages" "Reduce" "<Anonymous>" 
"FUN" "lapply" "Reduce" ".rs.getCompletionsPackages" "Reduce" "<Anonymous>" 
"ls" "FUN" "lapply" ".rs.objectsOnSearchPath" ".rs.getCompletionsSearchPath" "Reduce" "<Anonymous>" 
"FUN" "lapply" "Reduce" ".rs.getCompletionsPackages" "Reduce" "<Anonymous>" 
"FUN" "lapply" "Reduce" ".rs.getCompletionsPackages" "Reduce" "<Anonymous>" 
"ls" "FUN" "lapply" ".rs.objectsOnSearchPath" ".rs.getCompletionsSearchPath" "Reduce" "<Anonymous>" 
"FUN" "lapply" "Reduce" ".rs.getCompletionsPackages" "Reduce" "<Anonymous>" 
"FUN" "lapply" "Reduce" ".rs.getCompletionsPackages" "Reduce" "<Anonymous>" 
"ls" "FUN" "lapply" ".rs.objectsOnSearchPath" ".rs.getCompletionsSearchPath" "Reduce" "<Anonymous>" 
"FUN" "lapply" "Reduce" ".rs.getCompletionsPackages" "Reduce" "<Anonymous>" 
"FUN" "lapply" "Reduce" ".rs.getCompletionsPackages" "Reduce" "<Anonymous>" 
"FUN" "lapply" "Reduce" ".rs.getCompletionsPackages" "Reduce" "<Anonymous>" 
"FUN" "lapply" "Reduce" ".rs.getCompletionsPackages" "Reduce" "<Anonymous>" 
"which" "as.vector" "intersect" "f" "Reduce" "<Anonymous>" 
"FUN" "lapply" "Reduce" ".rs.getCompletionsPackages" "Reduce" "<Anonymous>" 
"FUN" "lapply" "Reduce" ".rs.getCompletionsPackages" "Reduce" "<Anonymous>" 
"ls" "FUN" "lapply" ".rs.objectsOnSearchPath" ".rs.getCompletionsSearchPath" "Reduce" "<Anonymous>" 
"FUN" "lapply" "Reduce" ".rs.getCompletionsPackages" "Reduce" "<Anonymous>" 
"FUN" "lapply" "Reduce" ".rs.getCompletionsPackages" "Reduce" "<Anonymous>" 
".rs.normalizePath" "withCallingHandlers" "suppressWarnings" "<Anonymous>" 
"FUN" "lapply" "Reduce" ".rs.getCompletionsPackages" "Reduce" "<Anonymous>" 
"FUN" "lapply" "Reduce" ".rs.getCompletionsPackages" "Reduce" "<Anonymous>" 
"f" "Reduce" "<Anonymous>" 
"rnorm" "matrix" "rmvnorm" "sim_logit" 
"rnorm" "matrix" "rmvnorm" "sim_logit" 
"rnorm" "matrix" "rmvnorm" "sim_logit" 
"rnorm" "matrix" "rmvnorm" "sim_logit" 
"rnorm" "matrix" "rmvnorm" "sim_logit" 
"rnorm" "matrix" "rmvnorm" "sim_logit" 
"matrix" "rmvnorm" "sim_logit" 
"matrix" "rmvnorm" "sim_logit" 
"matrix" "rmvnorm" "sim_logit" 
"matrix" "rmvnorm" "sim_logit" 
"matrix" "rmvnorm" "sim_logit" 
"matrix" "rmvnorm" "sim_logit" 
"matrix" "rmvnorm" "sim_logit" 
"%*%" "rmvnorm" "sim_logit" 
"%*%" "rmvnorm" "sim_logit" 
"%*%" "rmvnorm" "sim_logit" 
"%*%" "rmvnorm" "sim_logit" 
"aperm.default" "aperm" "sweep" "rmvnorm" "sim_logit" 
"aperm.default" "aperm" "sweep" "rmvnorm" "sim_logit" 
"aperm.default" "aperm" "sweep" "rmvnorm" "sim_logit" 
"aperm.default" "aperm" "sweep" "rmvnorm" "sim_logit" 
"aperm.default" "aperm" "sweep" "rmvnorm" "sim_logit" 
"aperm.default" "aperm" "sweep" "rmvnorm" "sim_logit" 
"gc" "system.time" 
"gc" "system.time" 
"gc" "system.time" 
"gc" "system.time" 
"gc" "system.time" 
"mcfork" "FUN" "lapply" "mclapply" "system.time" 
"mcfork" "FUN" "lapply" "mclapply" "system.time" 
"mcfork" "FUN" "lapply" "mclapply" "system.time" 
"mcfork" "FUN" "lapply" "mclapply" "system.time" 
"match" "structure" "mcfork" "FUN" "lapply" "mclapply" "system.time" 
"selectChildren" "mclapply" "system.time" 
"unserialize" "mclapply" "system.time" 
"paste0" ".format.zeros" "prettyNum" "format.default" "format" "format.fun" "paste" "formObj" "cat" "str.default" "str" "doTryCatch" "tryCatchOne" "tryCatchList" "tryCatch" "try" "eval" "eval" "withVisible" "evalVis" "capture.output" ".rs.valueFromStr" "doTryCatch" "tryCatchOne" "tryCatchList" "tryCatch" ".rs.valueDescription" "<Anonymous>" 
".rs.makeCompletions" ".rs.getCompletionsSearchPath" "Reduce" "<Anonymous>" 
"ls" "FUN" "lapply" ".rs.objectsOnSearchPath" ".rs.getCompletionsSearchPath" "Reduce" "<Anonymous>" 
"ls" "FUN" "lapply" ".rs.objectsOnSearchPath" ".rs.getCompletionsSearchPath" "Reduce" "<Anonymous>" 
"ls" "FUN" "lapply" ".rs.objectsOnSearchPath" ".rs.getCompletionsSearchPath" "Reduce" "<Anonymous>" 
"as.vector" "as.data.frame.matrix" "as.data.frame" "data.frame" "as.list" 
"gc" "system.time" 
"gc" "system.time" 
"gc" "system.time" 
"gc" "system.time" 
"gc" "system.time" 
"gc" "system.time" 
"mcfork" "FUN" "lapply" "mclapply" "system.time" 
"mcfork" "FUN" "lapply" "mclapply" "system.time" 
"mcfork" "FUN" "lapply" "mclapply" "system.time" 
"mcfork" "FUN" "lapply" "mclapply" "system.time" 
"mcfork" "FUN" "lapply" "mclapply" "system.time" 
"mcfork" "FUN" "lapply" "mclapply" "system.time" 
"mcfork" "FUN" "lapply" "mclapply" "system.time" 
"mcfork" "FUN" "lapply" "mclapply" "system.time" 
"mcfork" "FUN" "lapply" "mclapply" "system.time" 
"mcfork" "FUN" "lapply" "mclapply" "system.time" 
"selectChildren" "mclapply" "system.time" 
"selectChildren" "mclapply" "system.time" 
"selectChildren" "mclapply" "system.time" 
"selectChildren" "mclapply" "system.time" 
"selectChildren" "mclapply" "system.time" 
"selectChildren" "mclapply" "system.time" 
"selectChildren" "mclapply" "system.time" 
"selectChildren" "mclapply" "system.time" 
"selectChildren" "mclapply" "system.time" 
"selectChildren" "mclapply" "system.time" 
"selectChildren" "mclapply" "system.time" 
"selectChildren" "mclapply" "system.time" 
"selectChildren" "mclapply" "system.time" 
"selectChildren" "mclapply" "system.time" 
"selectChildren" "mclapply" "system.time" 
"selectChildren" "mclapply" "system.time" 
"selectChildren" "mclapply" "system.time" 
"selectChildren" "mclapply" "system.time" 
"selectChildren" "mclapply" "system.time" 
"selectChildren" "mclapply" "system.time" 
"selectChildren" "mclapply" "system.time" 
"selectChildren" "mclapply" "system.time" 
"selectChildren" "mclapply" "system.time" 
"selectChildren" "mclapply" "system.time" 
"selectChildren" "mclapply" "system.time" 
"selectChildren" "mclapply" "system.time" 
"selectChildren" "mclapply" "system.time" 
"selectChildren" "mclapply" "system.time" 
"selectChildren" "mclapply" "system.time" 
"selectChildren" "mclapply" "system.time" 
"selectChildren" "mclapply" "system.time" 
"selectChildren" "mclapply" "system.time" 
"selectChildren" "mclapply" "system.time" 
"selectChildren" "mclapply" "system.time" 
"selectChildren" "mclapply" "system.time" 
"selectChildren" "mclapply" "system.time" 
"selectChildren" "mclapply" "system.time" 
"selectChildren" "mclapply" "system.time" 
"selectChildren" "mclapply" "system.time" 
"selectChildren" "mclapply" "system.time" 
"selectChildren" "mclapply" "system.time" 
"selectChildren" "mclapply" "system.time" 
"selectChildren" "mclapply" "system.time" 
"selectChildren" "mclapply" "system.time" 
"selectChildren" "mclapply" "system.time" 
"selectChildren" "mclapply" "system.time" 
"selectChildren" "mclapply" "system.time" 
"selectChildren" "mclapply" "system.time" 
"selectChildren" "mclapply" "system.time" 
"selectChildren" "mclapply" "system.time" 
"selectChildren" "mclapply" "system.time" 
"selectChildren" "mclapply" "system.time" 
"selectChildren" "mclapply" "system.time" 
"selectChildren" "mclapply" "system.time" 
"selectChildren" "mclapply" "system.time" 
"selectChildren" "mclapply" "system.time" 
"selectChildren" "mclapply" "system.time" 
"readChild" "mclapply" "system.time" 
"gc" "system.time" 
"gc" "system.time" 
"gc" "system.time" 
"gc" "system.time" 
"gc" "system.time" 
"gc" "system.time" 
"MCMC_MH_parallel" "system.time" 
"c" "MCMC_MH_parallel" "system.time" 
"%w/o%" "strSub" "str.default" "str" "doTryCatch" "tryCatchOne" "tryCatchList" "tryCatch" "try" "eval" "eval" "withVisible" "evalVis" "capture.output" ".rs.valueFromStr" "doTryCatch" "tryCatchOne" "tryCatchList" "tryCatch" ".rs.valueContents" "<Anonymous>" 
"grep" "ls" "FUN" "lapply" ".rs.objectsOnSearchPath" ".rs.getCompletionsSearchPath" "Reduce" "<Anonymous>" 
"ls" "FUN" "lapply" ".rs.objectsOnSearchPath" ".rs.getCompletionsSearchPath" "Reduce" "<Anonymous>" 
"FUN" "lapply" "Reduce" ".rs.getCompletionsPackages" "Reduce" "<Anonymous>" 
"nchar" ".rs.startsWith" ".rs.fuzzyMatches" ".rs.selectFuzzyMatches" ".rs.getCompletionsPackages" "Reduce" "<Anonymous>" 
"ls" "FUN" "lapply" ".rs.objectsOnSearchPath" ".rs.getCompletionsSearchPath" "Reduce" "<Anonymous>" 
"ls" "FUN" "lapply" ".rs.objectsOnSearchPath" ".rs.getCompletionsSearchPath" "Reduce" "<Anonymous>" 
"FUN" "lapply" "Reduce" ".rs.getCompletionsPackages" "Reduce" "<Anonymous>" 
"FUN" "lapply" "Reduce" ".rs.getCompletionsPackages" "Reduce" "<Anonymous>" 
"match" "unique" "setdiff" ".rs.getCompletionsPackages" "Reduce" "<Anonymous>" 
"FUN" "lapply" "Reduce" ".rs.getCompletionsPackages" "Reduce" "<Anonymous>" 
"FUN" "lapply" "Reduce" ".rs.getCompletionsPackages" "Reduce" "<Anonymous>" 
"substring" ".rs.startsWith" ".rs.fuzzyMatches" ".rs.selectFuzzyMatches" ".rs.getCompletionsPackages" "Reduce" "<Anonymous>" 
"asNamespace" "getExportedValue" "::" "do.call" "doTryCatch" "tryCatchOne" "tryCatchList" "tryCatch" ".rs.getHelpFromObject" ".rs.getHelpFunction" "<Anonymous>" 
"readRDS" "index.search" "utils::help" "eval" "eval" "doTryCatch" "tryCatchOne" "tryCatchList" "tryCatch" ".rs.getHelp" ".rs.getHelpFromObject" ".rs.getHelpFunction" "<Anonymous>" 
"isBlankLineRd" "addParaBreaks" "writeLines" "writeLinesUTF8" "of1" "writeBlock" "writeContent" "writeSection" "Rd2HTML" "tools:::httpd" ".rs.getHelp" ".rs.getHelpFromObject" ".rs.getHelpFunction" "<Anonymous>" 
"grep" "ls" "FUN" "lapply" ".rs.objectsOnSearchPath" ".rs.getCompletionsSearchPath" "Reduce" "<Anonymous>" 
"ls" "FUN" "lapply" ".rs.objectsOnSearchPath" ".rs.getCompletionsSearchPath" "Reduce" "<Anonymous>" 
"FUN" "lapply" "Reduce" ".rs.getCompletionsPackages" "Reduce" "<Anonymous>" 
"FUN" "lapply" "Reduce" ".rs.getCompletionsPackages" "Reduce" "<Anonymous>" 
"str.default" "str" "doTryCatch" "tryCatchOne" "tryCatchList" "tryCatch" "try" "eval" "eval" "withVisible" "evalVis" "capture.output" ".rs.valueFromStr" "doTryCatch" "tryCatchOne" "tryCatchList" "tryCatch" ".rs.valueDescription" "<Anonymous>" 
"rnorm" "matrix" "rmvnorm" "sim_logit" 
"rnorm" "matrix" "rmvnorm" "sim_logit" 
"rnorm" "matrix" "rmvnorm" "sim_logit" 
"rnorm" "matrix" "rmvnorm" "sim_logit" 
"rnorm" "matrix" "rmvnorm" "sim_logit" 
"rnorm" "matrix" "rmvnorm" "sim_logit" 
"%*%" "rmvnorm" "sim_logit" 
"%*%" "rmvnorm" "sim_logit" 
"%*%" "rmvnorm" "sim_logit" 
"%*%" "rmvnorm" "sim_logit" 
"aperm.default" "aperm" "sweep" "rmvnorm" "sim_logit" 
"%*%" "plogis" "sim_logit" 
"gc" "system.time" 
"gc" "system.time" 
"gc" "system.time" 
"gc" "system.time" 
"gc" "system.time" 
"gc" "system.time" 
"mcfork" "FUN" "lapply" "mclapply" "system.time" 
"mcfork" "FUN" "lapply" "mclapply" "system.time" 
"mcfork" "FUN" "lapply" "mclapply" "system.time" 
"mcfork" "FUN" "lapply" "mclapply" "system.time" 
"mcfork" "FUN" "lapply" "mclapply" "system.time" 
"mcfork" "FUN" "lapply" "mclapply" "system.time" 
"mcfork" "FUN" "lapply" "mclapply" "system.time" 
"mcfork" "FUN" "lapply" "mclapply" "system.time" 
"mcfork" "FUN" "lapply" "mclapply" "system.time" 
"mcfork" "FUN" "lapply" "mclapply" "system.time" 
"mcfork" "FUN" "lapply" "mclapply" "system.time" 
"mcfork" "FUN" "lapply" "mclapply" "system.time" 
"mcfork" "FUN" "lapply" "mclapply" "system.time" 
"mcfork" "FUN" "lapply" "mclapply" "system.time" 
"mcfork" "FUN" "lapply" "mclapply" "system.time" 
"mcfork" "FUN" "lapply" "mclapply" "system.time" 
"mcfork" "FUN" "lapply" "mclapply" "system.time" 
"readChild" "mclapply" "system.time" 
"unserialize" "mclapply" "system.time" 
"gc" "system.time" 
"gc" "system.time" 
"gc" "system.time" 
"gc" "system.time" 
"gc" "system.time" 
"gc" "system.time" 
"MCMC_MH_parallel" "system.time" 
"as.double" "MCMC_MH_parallel" "system.time" 
"deparse" "value[[3]]" "tryCatchOne" "tryCatchList" "tryCatch" "base::try" 
